0 info it worked if it ends with ok
1 verbose cli [ '/Users/edigi/.nvm/versions/node/v7.1.0/bin/node',
1 verbose cli   '/Users/edigi/.nvm/versions/node/v7.1.0/bin/npm',
1 verbose cli   'run',
1 verbose cli   'build-sass' ]
2 info using npm@3.10.9
3 info using node@v7.1.0
4 verbose run-script [ 'prebuild-sass', 'build-sass', 'postbuild-sass' ]
5 info lifecycle boilerplate@1.0.0~prebuild-sass: boilerplate@1.0.0
6 silly lifecycle boilerplate@1.0.0~prebuild-sass: no script for prebuild-sass, continuing
7 info lifecycle boilerplate@1.0.0~build-sass: boilerplate@1.0.0
8 verbose lifecycle boilerplate@1.0.0~build-sass: unsafe-perm in lifecycle true
9 verbose lifecycle boilerplate@1.0.0~build-sass: PATH: /Users/edigi/.nvm/versions/node/v7.1.0/lib/node_modules/npm/bin/node-gyp-bin:/Users/edigi/Desktop/stackathon/arpeggiator/node_modules/.bin:/Users/edigi/.nvm/versions/node/v7.1.0/bin:/Users/edigi/.npm-packages/bin:/usr/local/bin:/usr/local/narwhal/bin:/Library/Frameworks/Python.framework/Versions/3.5/bin:/Library/Frameworks/Python.framework/Versions/2.7/bin:/usr/local/bin:/usr/bin:/bin:/usr/sbin:/sbin:/Applications/Server.app/Contents/ServerRoot/usr/bin:/Applications/Server.app/Contents/ServerRoot/usr/sbin:/Users/edigi/.rvm/bin:/Users/edigi/.rvm/bin:/Users/edigi/.local/bin:/Applications/Postgres.app/Contents/Versions/latest/bin
10 verbose lifecycle boilerplate@1.0.0~build-sass: CWD: /Users/edigi/Desktop/stackathon/arpeggiator
11 silly lifecycle boilerplate@1.0.0~build-sass: Args: [ '-c', 'sass --watch app/sass:public/stylesheets' ]
12 silly lifecycle boilerplate@1.0.0~build-sass: Returned: code: 1  signal: null
13 info lifecycle boilerplate@1.0.0~build-sass: Failed to exec build-sass script
14 verbose stack Error: boilerplate@1.0.0 build-sass: `sass --watch app/sass:public/stylesheets`
14 verbose stack Exit status 1
14 verbose stack     at EventEmitter.<anonymous> (/Users/edigi/.nvm/versions/node/v7.1.0/lib/node_modules/npm/lib/utils/lifecycle.js:255:16)
14 verbose stack     at emitTwo (events.js:106:13)
14 verbose stack     at EventEmitter.emit (events.js:191:7)
14 verbose stack     at ChildProcess.<anonymous> (/Users/edigi/.nvm/versions/node/v7.1.0/lib/node_modules/npm/lib/utils/spawn.js:40:14)
14 verbose stack     at emitTwo (events.js:106:13)
14 verbose stack     at ChildProcess.emit (events.js:191:7)
14 verbose stack     at maybeClose (internal/child_process.js:885:16)
14 verbose stack     at Process.ChildProcess._handle.onexit (internal/child_process.js:226:5)
15 verbose pkgid boilerplate@1.0.0
16 verbose cwd /Users/edigi/Desktop/stackathon/arpeggiator
17 error Darwin 16.3.0
18 error argv "/Users/edigi/.nvm/versions/node/v7.1.0/bin/node" "/Users/edigi/.nvm/versions/node/v7.1.0/bin/npm" "run" "build-sass"
19 error node v7.1.0
20 error npm  v3.10.9
21 error code ELIFECYCLE
22 error boilerplate@1.0.0 build-sass: `sass --watch app/sass:public/stylesheets`
22 error Exit status 1
23 error Failed at the boilerplate@1.0.0 build-sass script 'sass --watch app/sass:public/stylesheets'.
23 error Make sure you have the latest version of node.js and npm installed.
23 error If you do, this is most likely a problem with the boilerplate package,
23 error not with npm itself.
23 error Tell the author that this fails on your system:
23 error     sass --watch app/sass:public/stylesheets
23 error You can get information on how to open an issue for this project with:
23 error     npm bugs boilerplate
23 error Or if that isn't available, you can get their info via:
23 error     npm owner ls boilerplate
23 error There is likely additional logging output above.
24 verbose exit [ 1, true ]
